 alt + b  <--  向左移动一个单词,词首
 alt + f   --> 向右移动一个单词,词尾

ctrl + b  <--  向左移动一个字符
ctrl + f   --> 向右移动一个字符

ctrl + u  <--  向左删光标前面所有字符
ctrl + k   --> 向右删光标后面所有字符

ctrl + w  <--  向左删除一个单词
 alt + d   --> 向右删除一个单词

ctrl + h  <--  向左删除一个字符
ctrl + d   --> 向右删除一个字符









ctrl + x  在上次光标所在字符和当前光标所在字符之间跳转

 alt + u  把光标当前位置单词变为大写
 alt + l  把光标当前位置单词变为小写
 alt + c  把光标当前位置单词头一个字母变为大写

 alt + 数字键  操作的次数

ctrl + alt + h 向左删除一个单词

ctrl + y      恢复ctrl+u上次执行时删除的字符
ctrl + ?      撤消前一次输入
alt  + r      撤消前一次动作

alt + . 取上一条命令的最后一个参数

!command 上一条该命令的执行结果

Ctrl + v + Tab　输入TAB

ctrl + o      重复执行命令

^oldstr^newstr    替换前一次命令中字符串  

ctrl + 方向键左键    光标移动到前一个单词开头
ctrl + 方向键右键    光标移动到后一个单词结尾

ctrl + a 跳到最左边
ctrl + e 跳到最右边

ctrl + n 下一条命令
ctrl + p 上一条命令

ctrl + l        清屏相当于命令clear

Esc + r 删除全行