<<Rework>>
libtool
win powershell
complile gcc ld ar make link .....
<<Just for Fun>>
<<影响力>>
<<The Little Book of Talent: 52 Tips for Improving Your Skills>>
博尔赫斯 毛姆
<<Linkers and Loaders>>,John R, Levine
<<Linux内核源代码情景分析>>
<<深入解析Windows操作系统>>
<<深入理解计算机系统>>
<<Advanced Programming in the UNIX Environment>>
write makefile configure  markdown info tex 
support ipv6
gcc
gdb
make
ssh
smb
vim
vim remote edit netrw
XML parse in bash
vim A switch .c .h set path
vim format c file by my style
c implement list, tree or other advanced sturct 
ftp server implement
vim tab complete perfect
making own linux distribution image 
vim insert date
